This is pdfTeX, Version 3.141592653-2.6-1.40.26 (TeX Live 2024) (preloaded format=pdflatex 2024.8.12)  6 NOV 2024 14:26
entering extended mode
 restricted \write18 enabled.
 %&-line parsing enabled.
**&pdflatex prv_Project1.ini \nonstopmode\nofiles\PassOptionsToPackage{active,tightpage,auctex}{preview}\AtBeginDocument{\ifx\ifPreview\undefined\RequirePackage[displaymath,floats,graphics,textmath,sections,footnotes]{preview}[2004/11/05]\fi} \input \detokenize{ Project1.tex }
(./prv_Project1.ini
LaTeX2e <2024-06-01> patch level 2
L3 programming layer <2024-07-20>
! I can't find file `mylatex.ltx'.
l.5 \let\dump\PREVIEWdump\dump}\input mylatex.ltx 
                                                  \relax%
(Press Enter to retry, or Control-D to exit)
Please type another input file name
! Emergency stop.
l.5 \let\dump\PREVIEWdump\dump}\input mylatex.ltx 
                                                  \relax%
*** (job aborted, file error in nonstop mode)

 
Here is how much of TeX's memory you used:
 18 strings out of 475496
 402 string characters out of 5775990
 1925957 words of memory out of 5000000
 22768 multiletter control sequences out of 15000+600000
 558069 words of font info for 36 fonts, out of 8000000 for 9000
 36 hyphenation exceptions out of 8191
 12i,0n,13p,397b,8s stack positions out of 10000i,1000n,20000p,200000b,200000s
!  ==> Fatal error occurred, no output PDF file produced!
